<?xml version="1.0" encoding="utf-8"?><testsuites><testsuite name="pytest" errors="0" failures="0" skipped="0" tests="64" time="62.051" timestamp="2026-02-19T15:36:59.243304+01:00" hostname="DESKTOP-UPTQHTH"><testcase classname="tests.test_auth_security_regressions" name="test_public_register_cannot_escalate_role_and_requires_verified_email" time="0.178" /><testcase classname="tests.test_auth_security_regressions" name="test_user_role_and_scope_updates_work_in_sqlite" time="0.066" /><testcase classname="tests.test_auth_security_regressions" name="test_recent_logs_and_create_hotel_do_not_break" time="0.010" /><testcase classname="tests.test_auth_security_regressions" name="test_get_document_path_works_with_legacy_path_column" time="0.022" /><testcase classname="tests.test_auth_security_regressions" name="test_api_documents_schema_prefers_migrated_columns" time="0.009" /><testcase classname="tests.test_auth_security_regressions" name="test_api_find_document_by_path_matches_relative_and_absolute" time="0.010" /><testcase classname="tests.test_auth_security_regressions" name="test_main_filter_accessible_doc_ids_enforces_hotel_and_owner_scope" time="0.009" /><testcase classname="tests.test_auth_security_regressions" name="test_main_find_document_by_path_matches_absolute_relative" time="0.010" /><testcase classname="tests.test_chat_security" name="test_chat_history_scoped_by_user_id" time="0.026" /><testcase classname="tests.test_chat_security" name="test_chat_task_registry_enforces_owner_scope" time="0.009" /><testcase classname="tests.test_chat_security" name="test_chat_task_status_roundtrip" time="0.012" /><testcase classname="tests.test_chat_security" name="test_rag_search_filters_fail_closed_on_missing_metadata" time="0.000" /><testcase classname="tests.test_config_normalizer" name="test_normalize_lifts_postbatch_sections" time="0.000" /><testcase classname="tests.test_config_normalizer" name="test_normalize_lifts_llm_vision_to_top_level" time="0.000" /><testcase classname="tests.test_config_normalizer" name="test_normalize_lifts_llm_output_to_ocr_pipeline_output" time="0.000" /><testcase classname="tests.test_config_normalizer" name="test_normalize_does_not_override_existing_keys" time="0.000" /><testcase classname="tests.test_field_extraction_core" name="test_field_extractor_extracts_core_fields" time="4.976" /><testcase classname="tests.test_field_extraction_core" name="test_field_extractor_prioritizes_total_keyword_over_larger_non_total_amount" time="4.566" /><testcase classname="tests.test_field_extraction_core" name="test_data_normalizer_preserves_metadata_and_supplier_alias" time="0.001" /><testcase classname="tests.test_field_extraction_core" name="test_data_normalizer_syncs_supplier_to_vendor_when_only_supplier_exists" time="0.000" /><testcase classname="tests.test_field_quality_baseline" name="test_evaluate_field_quality_perfect_dataset" time="4.531" /><testcase classname="tests.test_field_quality_baseline" name="test_evaluate_field_quality_records_failures" time="4.548" /><testcase classname="tests.test_field_quality_baseline" name="test_field_quality_baseline_cli_no_gate_does_not_fail" time="0.004" /><testcase classname="tests.test_field_quality_baseline" name="test_field_quality_baseline_cli_gate_defaults_fails" time="0.002" /><testcase classname="tests.test_field_quality_baseline" name="test_field_quality_baseline_cli_explicit_thresholds_pass" time="0.002" /><testcase classname="tests.test_fusion_manager" name="test_primary_wins_with_high_confidence" time="0.000" /><testcase classname="tests.test_fusion_manager" name="test_secondary_used_when_confidence_higher" time="0.000" /><testcase classname="tests.test_fusion_manager" name="test_heuristic_prefers_numeric_text" time="0.000" /><testcase classname="tests.test_pdf_chunking" name="test_pdf_chunking_uses_ranges_and_global_pages" time="0.018" /><testcase classname="tests.test_pdf_chunking" name="test_workflow_pending_when_visual_text_missing" time="0.019" /><testcase classname="tests.test_pipeline.TestFeatureFlags" name="test_defaults" time="0.001" /><testcase classname="tests.test_pipeline.TestFeatureFlags" name="test_env_override" time="0.000" /><testcase classname="tests.test_pipeline.TestChunkingStep" name="test_basic_chunking" time="0.012" /><testcase classname="tests.test_pipeline.TestChunkingStep" name="test_large_block_splitting" time="0.001" /><testcase classname="tests.test_pipeline.TestChunkingStep" name="test_table_no_split" time="0.000" /><testcase classname="tests.test_pipeline.TestChunkingStep" name="test_empty_blocks_skipped" time="0.000" /><testcase classname="tests.test_pipeline.TestChunkingStep" name="test_visual_descriptions_included" time="0.000" /><testcase classname="tests.test_pipeline.TestChunkingStep" name="test_content_hash_deterministic" time="0.000" /><testcase classname="tests.test_pipeline.TestChunkingStep" name="test_chunk_index_sequential" time="0.000" /><testcase classname="tests.test_pipeline.TestTenantContext" name="test_default_tenant" time="0.001" /><testcase classname="tests.test_pipeline.TestTenantContext" name="test_admin_full_access" time="0.000" /><testcase classname="tests.test_pipeline.TestTenantContext" name="test_direccion_full_access" time="0.000" /><testcase classname="tests.test_pipeline.TestTenantContext" name="test_cliente_limited_access" time="0.000" /><testcase classname="tests.test_pipeline.TestTenantContext" name="test_empty_hotel_scope" time="0.000" /><testcase classname="tests.test_pipeline.TestTenantContext" name="test_to_dict" time="0.000" /><testcase classname="tests.test_pipeline.TestApplyTenantFilter" name="test_adds_where_clause" time="0.000" /><testcase classname="tests.test_pipeline.TestApplyTenantFilter" name="test_appends_to_existing_where" time="0.000" /><testcase classname="tests.test_pipeline.TestApplyTenantFilter" name="test_hotel_filter_for_cliente" time="0.000" /><testcase classname="tests.test_pipeline.TestApplyTenantFilter" name="test_empty_hotels_blocks_all" time="0.000" /><testcase classname="tests.test_pipeline.TestRRFFusion" name="test_rrf_combines_results" time="0.002" /><testcase classname="tests.test_pipeline.TestRRFFusion" name="test_rrf_empty_inputs" time="0.000" /><testcase classname="tests.test_pipeline.TestRRFFusion" name="test_context_assembly_dedup" time="0.000" /><testcase classname="tests.test_pipeline.TestStorageManager" name="test_uploads_dir_creation" time="0.002" /><testcase classname="tests.test_pipeline.TestStorageManager" name="test_document_path_format" time="0.002" /><testcase classname="tests.test_pipeline.TestStorageManager" name="test_assets_dir_creation" time="0.001" /><testcase classname="tests.test_pipeline.TestStorageManager" name="test_tenant_size_empty" time="0.001" /><testcase classname="tests.test_pipeline.TestAuditLogger" name="test_log_does_not_crash_without_db" time="0.001" /><testcase classname="tests.test_pipeline.TestAuditLogger" name="test_action_descriptions" time="0.000" /><testcase classname="tests.test_process_blocks" name="test_secondary_called_when_confidence_low" time="0.001" /><testcase classname="tests.test_table_manager" name="test_table_manager_exports_structures" time="36.083" /><testcase classname="tests.test_tool_manager_scoping" name="test_tool_export_respects_hotel_scope" time="0.012" /><testcase classname="tests.test_tool_manager_scoping" name="test_tool_update_document_type_scoped" time="0.010" /><testcase classname="tests.test_tool_manager_scoping" name="test_client_cannot_execute_document_mutation_tools" time="0.010" /><testcase classname="tests.test_vision_manager" name="test_build_and_search_roundtrip" time="0.335" /></testsuite></testsuites>