.\venv311\Scripts\python.exe : [33mChecking connectivity to the model hosters, 
this may take a while. To bypass this check, set `DISABLE_MODEL_SOURCE_CHECK` to 
`True`.[0m
En línea: 1 Carácter: 1
+ .\venv311\Scripts\python.exe debug_paddle.py > debug_output.txt 2>&1
+ ~~~~~~~~~~~~~~~~~~~~~~~~~~~~~~~~~~~~~~~~~~~~~~~~~~~~~~~~~~~~~~~~~~~~
    + CategoryInfo          : NotSpecified: ([33mChecking c... to `True`.[0m:Str 
   ing) [], RemoteException
    + FullyQualifiedErrorId : NativeCommandError
 
Traceback (most recent call last):
  File "C:\Users\Usuario\Desktop\Repositorio 
Anas\AutoOCR_FinalVersion\debug_paddle.py", line 9, in <module>
    p = PPStructureV3(use_gpu=True)
        ^^^^^^^^^^^^^^^^^^^^^^^^^^^
  File "C:\Users\Usuario\Desktop\Repositorio Anas\AutoOCR_FinalVersion\venv311\Lib\
site-packages\paddleocr\_pipelines\pp_structurev3.py", line 137, in __init__
    super().__init__(**kwargs)
  File "C:\Users\Usuario\Desktop\Repositorio 
Anas\AutoOCR_FinalVersion\venv311\Lib\site-packages\paddleocr\_pipelines\base.py", 
line 63, in __init__
    self._common_args = parse_common_args(
                        ^^^^^^^^^^^^^^^^^^
  File "C:\Users\Usuario\Desktop\Repositorio 
Anas\AutoOCR_FinalVersion\venv311\Lib\site-packages\paddleocr\_common_args.py", 
line 45, in parse_common_args
    raise ValueError(f"Unknown argument: {name}")
ValueError: Unknown argument: use_gpu
Traceback (most recent call last):
  File "C:\Users\Usuario\Desktop\Repositorio 
Anas\AutoOCR_FinalVersion\venv311\Lib\site-packages\paddleocr\_pipelines\base.py", 
line 105, in _create_paddlex_pipeline
    return create_pipeline(config=self._merged_paddlex_config, **kwargs)
           ^^^^^^^^^^^^^^^^^^^^^^^^^^^^^^^^^^^^^^^^^^^^^^^^^^^^^^^^^^^^^
  File "C:\Users\Usuario\Desktop\Repositorio Anas\AutoOCR_FinalVersion\venv311\Lib\
site-packages\paddlex\inference\pipelines\__init__.py", line 167, in 
create_pipeline
    pipeline = BasePipeline.get(pipeline_name)(
               ^^^^^^^^^^^^^^^^^^^^^^^^^^^^^^^^
  File "C:\Users\Usuario\Desktop\Repositorio 
Anas\AutoOCR_FinalVersion\venv311\Lib\site-packages\paddlex\utils\deps.py", line 
205, in _wrapper
    require_extra(extra, obj_name=pipeline_name, alt=alt)
  File "C:\Users\Usuario\Desktop\Repositorio 
Anas\AutoOCR_FinalVersion\venv311\Lib\site-packages\paddlex\utils\deps.py", line 
198, in require_extra
    raise DependencyError(msg)
paddlex.utils.deps.DependencyError: `PP-StructureV3` requires additional 
dependencies. To install them, run `pip install "paddlex[ocr]==<PADDLEX_VERSION>"` 
if youÆre installing `paddlex` from an index, or `pip install -e 
"/path/to/PaddleX[ocr]"` if youÆre installing `paddlex` locally.

The above exception was the direct cause of the following exception:

Traceback (most recent call last):
  File "C:\Users\Usuario\Desktop\Repositorio 
Anas\AutoOCR_FinalVersion\debug_paddle.py", line 17, in <module>
    p = PPStructureV3()
        ^^^^^^^^^^^^^^^
  File "C:\Users\Usuario\Desktop\Repositorio Anas\AutoOCR_FinalVersion\venv311\Lib\
site-packages\paddleocr\_pipelines\pp_structurev3.py", line 137, in __init__
    super().__init__(**kwargs)
  File "C:\Users\Usuario\Desktop\Repositorio 
Anas\AutoOCR_FinalVersion\venv311\Lib\site-packages\paddleocr\_pipelines\base.py", 
line 67, in __init__
    self.paddlex_pipeline = self._create_paddlex_pipeline()
                            ^^^^^^^^^^^^^^^^^^^^^^^^^^^^^^^
  File "C:\Users\Usuario\Desktop\Repositorio 
Anas\AutoOCR_FinalVersion\venv311\Lib\site-packages\paddleocr\_pipelines\base.py", 
line 107, in _create_paddlex_pipeline
    raise RuntimeError(
RuntimeError: A dependency error occurred during pipeline creation. Please refer 
to the installation documentation to ensure all required dependencies are 
installed.
PaddleOCR version: 3.3.2
Attempting to initialize PPStructureV3(use_gpu=True)...
Failed to initialize PPStructureV3 with use_gpu=True

Attempting to initialize PPStructureV3()...
Failed to initialize PPStructureV3 with default args
